android/app/build/intermediates/manifest_merge_blame_file/debug/manifest-merger-blame-debug-report.txt
1<?xml version="1.0" encoding="utf-8"?>
2<manifest xmlns:android="http://schemas.android.com/apk/res/android"
3    package="com.qualitygradingmeatapp"
4    android:versionCode="1"
5    android:versionName="1.0" >
6
7    <uses-sdk
8        android:minSdkVersion="21"
9        android:targetSdkVersion="31" />
10
11    <uses-permission android:name="android.permission.SYSTEM_ALERT_WINDOW" />
11-->src\debug\AndroidManifest.xml:5:5-77
11-->src\debug\AndroidManifest.xml:5:22-75
12    <uses-permission android:name="android.permission.INTERNET" />
12-->src\main\AndroidManifest.xml:4:5-67
12-->src\main\AndroidManifest.xml:4:22-64
13    <uses-permission android:name="android.permission.CAMERA" />
13-->src\main\AndroidManifest.xml:5:5-64
13-->src\main\AndroidManifest.xml:5:22-62
14    <uses-permission android:name="android.permission.ACCESS_WIFI_STATE" />
14-->[com.facebook.flipper:flipper:0.125.0] AndroidManifest.xml:16:5-76
14-->[com.facebook.flipper:flipper:0.125.0] AndroidManifest.xml:16:22-73
15
16    <queries>
16-->[:react-native-image-crop-picker] AndroidManifest.xml:9:5-13:15
17        <intent>
17-->[:react-native-image-crop-picker] AndroidManifest.xml:10:9-12:18
18            <action android:name="android.media.action.IMAGE_CAPTURE" />
18-->[:react-native-image-crop-picker] AndroidManifest.xml:11:13-73
18-->[:react-native-image-crop-picker] AndroidManifest.xml:11:21-70
19        </intent>
20        <intent>
20-->[androidx.camera:camera-extensions:1.1.0-beta02] AndroidManifest.xml:25:9-27:18
21            <action android:name="androidx.camera.extensions.action.VENDOR_ACTION" />
21-->[androidx.camera:camera-extensions:1.1.0-beta02] AndroidManifest.xml:26:13-86
21-->[androidx.camera:camera-extensions:1.1.0-beta02] AndroidManifest.xml:26:21-83
22        </intent>
23    </queries>
24
25    <uses-permission android:name="android.permission.WRITE_EXTERNAL_STORAGE" />
25-->[:react-native-image-crop-picker] AndroidManifest.xml:15:5-81
25-->[:react-native-image-crop-picker] AndroidManifest.xml:15:22-78
26
27    <application
27-->src\main\AndroidManifest.xml:6:5-25:19
28        android:name="com.qualitygradingmeatapp.MainApplication"
28-->src\main\AndroidManifest.xml:7:7-38
29        android:allowBackup="false"
29-->src\main\AndroidManifest.xml:11:7-34
30        android:appComponentFactory="androidx.core.app.CoreComponentFactory"
30-->[androidx.core:core:1.7.0] AndroidManifest.xml:24:18-86
31        android:debuggable="true"
32        android:icon="@mipmap/ic_launcher"
32-->src\main\AndroidManifest.xml:9:7-41
33        android:label="@string/app_name"
33-->src\main\AndroidManifest.xml:8:7-39
34        android:roundIcon="@mipmap/ic_launcher_round"
34-->src\main\AndroidManifest.xml:10:7-52
35        android:theme="@style/AppTheme"
35-->src\main\AndroidManifest.xml:12:7-38
36        android:usesCleartextTraffic="true" >
36-->src\debug\AndroidManifest.xml:8:9-44
37        <activity
37-->src\debug\AndroidManifest.xml:11:9-111
38            android:name="com.facebook.react.devsupport.DevSettingsActivity"
38-->src\debug\AndroidManifest.xml:11:19-83
39            android:exported="false" />
39-->src\debug\AndroidManifest.xml:11:84-108
40        <activity
40-->src\main\AndroidManifest.xml:13:7-24:18
41            android:name="com.qualitygradingmeatapp.MainActivity"
41-->src\main\AndroidManifest.xml:14:9-37
42            android:configChanges="keyboard|keyboardHidden|orientation|screenLayout|screenSize|smallestScreenSize|uiMode"
42-->src\main\AndroidManifest.xml:16:9-118
43            android:exported="true"
43-->src\main\AndroidManifest.xml:19:9-32
44            android:label="@string/app_name"
44-->src\main\AndroidManifest.xml:15:9-41
45            android:launchMode="singleTask"
45-->src\main\AndroidManifest.xml:17:9-40
46            android:windowSoftInputMode="adjustResize" >
46-->src\main\AndroidManifest.xml:18:9-51
47            <intent-filter>
47-->src\main\AndroidManifest.xml:20:9-23:25
48                <action android:name="android.intent.action.MAIN" />
48-->src\main\AndroidManifest.xml:21:13-65
48-->src\main\AndroidManifest.xml:21:21-62
49
50                <category android:name="android.intent.category.LAUNCHER" />
50-->src\main\AndroidManifest.xml:22:13-73
50-->src\main\AndroidManifest.xml:22:23-70
51            </intent-filter>
52        </activity>
53
54        <provider
54-->[:react-native-image-crop-picker] AndroidManifest.xml:18:9-26:20
55            android:name="com.reactnative.ivpusic.imagepicker.IvpusicImagePickerFileProvider"
55-->[:react-native-image-crop-picker] AndroidManifest.xml:19:13-94
56            android:authorities="com.qualitygradingmeatapp.provider"
56-->[:react-native-image-crop-picker] AndroidManifest.xml:20:13-60
57            android:exported="false"
57-->[:react-native-image-crop-picker] AndroidManifest.xml:21:13-37
58            android:grantUriPermissions="true" >
58-->[:react-native-image-crop-picker] AndroidManifest.xml:22:13-47
59            <meta-data
59-->[:react-native-image-crop-picker] AndroidManifest.xml:23:13-25:78
60                android:name="android.support.FILE_PROVIDER_PATHS"
60-->[:react-native-image-crop-picker] AndroidManifest.xml:24:17-67
61                android:resource="@xml/ivpusic_imagepicker_provider_paths" />
61-->[:react-native-image-crop-picker] AndroidManifest.xml:25:17-75
62        </provider>
63
64        <activity
64-->[:react-native-image-crop-picker] AndroidManifest.xml:28:9-30:72
65            android:name="com.yalantis.ucrop.UCropActivity"
65-->[:react-native-image-crop-picker] AndroidManifest.xml:29:13-60
66            android:theme="@style/Theme.AppCompat.Light.NoActionBar" />
66-->[:react-native-image-crop-picker] AndroidManifest.xml:30:13-69
67
68        <uses-library
68-->[androidx.camera:camera-extensions:1.1.0-beta02] AndroidManifest.xml:31:9-33:40
69            android:name="androidx.camera.extensions.impl"
69-->[androidx.camera:camera-extensions:1.1.0-beta02] AndroidManifest.xml:32:13-59
70            android:required="false" />
70-->[androidx.camera:camera-extensions:1.1.0-beta02] AndroidManifest.xml:33:13-37
71
72        <service
72-->[androidx.camera:camera-camera2:1.1.0-beta02] AndroidManifest.xml:26:9-35:19
73            android:name="androidx.camera.core.impl.MetadataHolderService"
73-->[androidx.camera:camera-camera2:1.1.0-beta02] AndroidManifest.xml:27:13-75
74            android:enabled="false"
74-->[androidx.camera:camera-camera2:1.1.0-beta02] AndroidManifest.xml:28:13-36
75            android:exported="false" >
75-->[androidx.camera:camera-camera2:1.1.0-beta02] AndroidManifest.xml:29:13-37
76            <meta-data
76-->[androidx.camera:camera-camera2:1.1.0-beta02] AndroidManifest.xml:32:13-34:89
77                android:name="androidx.camera.core.impl.MetadataHolderService.DEFAULT_CONFIG_PROVIDER"
77-->[androidx.camera:camera-camera2:1.1.0-beta02] AndroidManifest.xml:33:17-103
78                android:value="androidx.camera.camera2.Camera2Config$DefaultProvider" />
78-->[androidx.camera:camera-camera2:1.1.0-beta02] AndroidManifest.xml:34:17-86
79        </service>
80
81        <provider
81-->[androidx.emoji2:emoji2:1.0.0] AndroidManifest.xml:26:9-34:20
82            android:name="androidx.startup.InitializationProvider"
82-->[androidx.emoji2:emoji2:1.0.0] AndroidManifest.xml:27:13-67
83            android:authorities="com.qualitygradingmeatapp.androidx-startup"
83-->[androidx.emoji2:emoji2:1.0.0] AndroidManifest.xml:28:13-68
84            android:exported="false" >
84-->[androidx.emoji2:emoji2:1.0.0] AndroidManifest.xml:29:13-37
85            <meta-data
85-->[androidx.emoji2:emoji2:1.0.0] AndroidManifest.xml:31:13-33:52
86                android:name="androidx.emoji2.text.EmojiCompatInitializer"
86-->[androidx.emoji2:emoji2:1.0.0] AndroidManifest.xml:32:17-75
87                android:value="androidx.startup" />
87-->[androidx.emoji2:emoji2:1.0.0] AndroidManifest.xml:33:17-49
88            <meta-data
88-->[androidx.lifecycle:lifecycle-process:2.4.0] AndroidManifest.xml:31:13-33:52
89                android:name="androidx.lifecycle.ProcessLifecycleInitializer"
89-->[androidx.lifecycle:lifecycle-process:2.4.0] AndroidManifest.xml:32:17-78
90                android:value="androidx.startup" />
90-->[androidx.lifecycle:lifecycle-process:2.4.0] AndroidManifest.xml:33:17-49
91        </provider>
92    </application>
93
94</manifest>